<?xml version="1.0" encoding="UTF-8"?>
<testng-results skipped="0" failed="0" total="1" passed="1">
  <reporter-output>
  </reporter-output>
  <suite name="example suite 1" duration-ms="20139" started-at="2019-03-15T09:19:22Z" finished-at="2019-03-15T09:19:42Z">
    <groups>
    </groups>
    <test name="Regression suite 1" duration-ms="20139" started-at="2019-03-15T09:19:22Z" finished-at="2019-03-15T09:19:42Z">
      <class name="com.music.tests.UploadFileAndFindGenere">
        <test-method status="PASS" signature="TestCase()[pri:0, instance:com.music.tests.UploadFileAndFindGenere@129a8472]" name="TestCase" duration-ms="20032" started-at="2019-03-15T05:19:22Z" finished-at="2019-03-15T05:19:42Z">
          <reporter-output>
          </reporter-output>
        </test-method> <!-- TestCase -->
      </class> <!-- com.music.tests.UploadFileAndFindGenere -->
    </test> <!-- Regression suite 1 -->
  </suite> <!-- example suite 1 -->
</testng-results>
